
Thu Jun 18 00:23:58 CEST 2015
./tools/clonepairs.x examples/JHotDraw54b1_functions.xml 0.3 10 2500 > examples/JHotDraw54b1_functions-clones/JHotDraw54b1_functions-clones-0.3.xml
Processing examples/JHotDraw54b1_functions.xml with difference threshold 30%, clone size 10 .. 2500 lines
Reading pcs ... done.
Total 2886/7500000 potential clones of 10 lines or more
Used 6807/125000000 total pc lines
Used 682230/750000000 unique line text chars
 and 11025/15000000 unique lines
Sorting pcs . done.
Finding clones .. done.
Total 40057 pc comparisons
Pruning embedded clone pairs . done.
Pruned 0 embedded clone pairs
Found 48 clone pairs
Generating XML output . done.


real	0m0.055s
user	0m0.034s
sys	0m0.018s

Thu Jun 18 00:23:58 CEST 2015

Thu Jun 18 00:23:58 CEST 2015
./tools/cloneclasses.x examples/JHotDraw54b1_functions-clones/JHotDraw54b1_functions-clones-0.3.xml > examples/JHotDraw54b1_functions-clones/JHotDraw54b1_functions-clones-0.3-classes.xml
Processing examples/JHotDraw54b1_functions-clones/JHotDraw54b1_functions-clones-0.3.xml
Reading clone pairs . done.
Total 48 pairs
Computing classes  done.
Clustered clone pairs into 25 classes
Generating XML output . done.


real	0m0.031s
user	0m0.011s
sys	0m0.018s

Thu Jun 18 00:23:58 CEST 2015

